[     609ms] [WARNING]  is not a valid value for uspDnsText @ https://cmp.inmobi.com/tcfv2/56/cmp2.js?referer=www.casestatusext.com:1
[     628ms] [WARNING] globalPrivacyControl is not available in the browser. Setting usp string as  1N-- @ https://cmp.inmobi.com/tcfv2/56/cmp2.js?referer=www.casestatusext.com:1
[     628ms] [WARNING] Google basic consent is not applicable. @ https://cmp.inmobi.com/tcfv2/56/cmp2.js?referer=www.casestatusext.com:1
[     651ms] [WARNING] globalPrivacyControl is not available in the browser. Setting usp string as  1N-- @ https://cmp.inmobi.com/tcfv2/56/cmp2.js?referer=www.casestatusext.com:1
[    1411ms] [ERROR] Failed to load resource: the server responded with a status of 410 (Gone) @ https://ads.stickyadstv.com/user-matching?id=3586&gdpr=0&gdpr_consent=:0
[    1470ms] [ERROR] Failed to load resource: the server responded with a status of 404 () @ https://x.bidswitch.net/sync?ssp=sekindo&gdpr=0&gdpr_consent=:0
[    2573ms] [ERROR] Attestation check for Shared Storage on https://www.googleadservices.com failed. @ https://www.googleadservices.com/pagead/managed/js/activeview/current/reach_worklet.html:0
[    2573ms] [ERROR] Attestation check for Shared Storage on https://www.googleadservices.com failed. @ https://www.googleadservices.com/pagead/managed/js/activeview/current/reach_worklet.html:0
[    2665ms] [ERROR] Attestation check for Shared Storage on https://www.googleadservices.com failed. @ https://www.googleadservices.com/pagead/managed/js/activeview/current/reach_worklet.html:0
[    2783ms] [ERROR] Attestation check for Shared Storage on https://www.googleadservices.com failed. @ https://www.googleadservices.com/pagead/managed/js/activeview/current/reach_worklet.html:0
[    2860ms] [ERROR] Attestation check for Shared Storage on https://www.googleadservices.com failed. @ https://www.googleadservices.com/pagead/managed/js/activeview/current/reach_worklet.html:0
[    2573ms] [ERROR] Attestation check for Shared Storage on https://www.googleadservices.com failed. @ https://www.googleadservices.com/pagead/managed/js/activeview/current/reach_worklet.html:0
[    2665ms] [ERROR] Attestation check for Shared Storage on https://www.googleadservices.com failed. @ https://www.googleadservices.com/pagead/managed/js/activeview/current/reach_worklet.html:0
[    2783ms] [ERROR] Attestation check for Shared Storage on https://www.googleadservices.com failed. @ https://www.googleadservices.com/pagead/managed/js/activeview/current/reach_worklet.html:0
[    2860ms] [ERROR] Attestation check for Shared Storage on https://www.googleadservices.com failed. @ https://www.googleadservices.com/pagead/managed/js/activeview/current/reach_worklet.html:0
[    3718ms] [ERROR] Attestation check for Shared Storage on https://www.googleadservices.com failed. @ https://www.googleadservices.com/pagead/managed/js/activeview/current/reach_worklet.html:0
[    2573ms] [ERROR] Attestation check for Shared Storage on https://www.googleadservices.com failed. @ https://www.googleadservices.com/pagead/managed/js/activeview/current/reach_worklet.html:0
[    2665ms] [ERROR] Attestation check for Shared Storage on https://www.googleadservices.com failed. @ https://www.googleadservices.com/pagead/managed/js/activeview/current/reach_worklet.html:0
[    2783ms] [ERROR] Attestation check for Shared Storage on https://www.googleadservices.com failed. @ https://www.googleadservices.com/pagead/managed/js/activeview/current/reach_worklet.html:0
[    2860ms] [ERROR] Attestation check for Shared Storage on https://www.googleadservices.com failed. @ https://www.googleadservices.com/pagead/managed/js/activeview/current/reach_worklet.html:0
[    3718ms] [ERROR] Attestation check for Shared Storage on https://www.googleadservices.com failed. @ https://www.googleadservices.com/pagead/managed/js/activeview/current/reach_worklet.html:0
[    3874ms] [ERROR] Attestation check for Shared Storage on https://www.googleadservices.com failed. @ https://www.googleadservices.com/pagead/managed/js/activeview/current/reach_worklet.html:0
[    2573ms] [ERROR] Attestation check for Shared Storage on https://www.googleadservices.com failed. @ https://www.googleadservices.com/pagead/managed/js/activeview/current/reach_worklet.html:0
[    2665ms] [ERROR] Attestation check for Shared Storage on https://www.googleadservices.com failed. @ https://www.googleadservices.com/pagead/managed/js/activeview/current/reach_worklet.html:0
[    2783ms] [ERROR] Attestation check for Shared Storage on https://www.googleadservices.com failed. @ https://www.googleadservices.com/pagead/managed/js/activeview/current/reach_worklet.html:0
[    2860ms] [ERROR] Attestation check for Shared Storage on https://www.googleadservices.com failed. @ https://www.googleadservices.com/pagead/managed/js/activeview/current/reach_worklet.html:0
[    3718ms] [ERROR] Attestation check for Shared Storage on https://www.googleadservices.com failed. @ https://www.googleadservices.com/pagead/managed/js/activeview/current/reach_worklet.html:0
[    3874ms] [ERROR] Attestation check for Shared Storage on https://www.googleadservices.com failed. @ https://www.googleadservices.com/pagead/managed/js/activeview/current/reach_worklet.html:0
[    4063ms] [ERROR] Attestation check for Shared Storage on https://www.googleadservices.com failed. @ https://www.googleadservices.com/pagead/managed/js/activeview/current/reach_worklet.html:0
[    2573ms] [ERROR] Attestation check for Shared Storage on https://www.googleadservices.com failed. @ https://www.googleadservices.com/pagead/managed/js/activeview/current/reach_worklet.html:0
[    2665ms] [ERROR] Attestation check for Shared Storage on https://www.googleadservices.com failed. @ https://www.googleadservices.com/pagead/managed/js/activeview/current/reach_worklet.html:0
[    2783ms] [ERROR] Attestation check for Shared Storage on https://www.googleadservices.com failed. @ https://www.googleadservices.com/pagead/managed/js/activeview/current/reach_worklet.html:0
[    2860ms] [ERROR] Attestation check for Shared Storage on https://www.googleadservices.com failed. @ https://www.googleadservices.com/pagead/managed/js/activeview/current/reach_worklet.html:0
[    3718ms] [ERROR] Attestation check for Shared Storage on https://www.googleadservices.com failed. @ https://www.googleadservices.com/pagead/managed/js/activeview/current/reach_worklet.html:0
[    3874ms] [ERROR] Attestation check for Shared Storage on https://www.googleadservices.com failed. @ https://www.googleadservices.com/pagead/managed/js/activeview/current/reach_worklet.html:0
[    4063ms] [ERROR] Attestation check for Shared Storage on https://www.googleadservices.com failed. @ https://www.googleadservices.com/pagead/managed/js/activeview/current/reach_worklet.html:0
[    4143ms] [ERROR] Attestation check for Shared Storage on https://www.googleadservices.com failed. @ https://www.googleadservices.com/pagead/managed/js/activeview/current/reach_worklet.html:0
[    4147ms] [ERROR] Failed to load resource: the server responded with a status of 404 () @ https://s0.2mdn.net/sadbundle/2596478160136568832/txt3-c.svg:0
[    4150ms] [ERROR] Failed to load resource: the server responded with a status of 404 () @ https://s0.2mdn.net/sadbundle/2596478160136568832/txt1-d.svg:0
[    4150ms] [ERROR] Failed to load resource: the server responded with a status of 404 () @ https://s0.2mdn.net/sadbundle/2596478160136568832/txt1-c.svg:0
[    4150ms] [ERROR] Failed to load resource: the server responded with a status of 404 () @ https://s0.2mdn.net/sadbundle/2596478160136568832/txt3-d.svg:0
[    2573ms] [ERROR] Attestation check for Shared Storage on https://www.googleadservices.com failed. @ https://www.googleadservices.com/pagead/managed/js/activeview/current/reach_worklet.html:0
[    2665ms] [ERROR] Attestation check for Shared Storage on https://www.googleadservices.com failed. @ https://www.googleadservices.com/pagead/managed/js/activeview/current/reach_worklet.html:0
[    2783ms] [ERROR] Attestation check for Shared Storage on https://www.googleadservices.com failed. @ https://www.googleadservices.com/pagead/managed/js/activeview/current/reach_worklet.html:0
[    2860ms] [ERROR] Attestation check for Shared Storage on https://www.googleadservices.com failed. @ https://www.googleadservices.com/pagead/managed/js/activeview/current/reach_worklet.html:0
[    3718ms] [ERROR] Attestation check for Shared Storage on https://www.googleadservices.com failed. @ https://www.googleadservices.com/pagead/managed/js/activeview/current/reach_worklet.html:0
[    3874ms] [ERROR] Attestation check for Shared Storage on https://www.googleadservices.com failed. @ https://www.googleadservices.com/pagead/managed/js/activeview/current/reach_worklet.html:0
[    4063ms] [ERROR] Attestation check for Shared Storage on https://www.googleadservices.com failed. @ https://www.googleadservices.com/pagead/managed/js/activeview/current/reach_worklet.html:0
[    4143ms] [ERROR] Attestation check for Shared Storage on https://www.googleadservices.com failed. @ https://www.googleadservices.com/pagead/managed/js/activeview/current/reach_worklet.html:0
[   29124ms] [ERROR] Attestation check for Shared Storage on https://www.googleadservices.com failed. @ https://www.googleadservices.com/pagead/managed/js/activeview/current/reach_worklet.html:0
[    4147ms] [ERROR] Failed to load resource: the server responded with a status of 404 () @ https://s0.2mdn.net/sadbundle/2596478160136568832/txt3-c.svg:0
[    4150ms] [ERROR] Failed to load resource: the server responded with a status of 404 () @ https://s0.2mdn.net/sadbundle/2596478160136568832/txt1-d.svg:0
[    4150ms] [ERROR] Failed to load resource: the server responded with a status of 404 () @ https://s0.2mdn.net/sadbundle/2596478160136568832/txt1-c.svg:0
[    4150ms] [ERROR] Failed to load resource: the server responded with a status of 404 () @ https://s0.2mdn.net/sadbundle/2596478160136568832/txt3-d.svg:0
[    2573ms] [ERROR] Attestation check for Shared Storage on https://www.googleadservices.com failed. @ https://www.googleadservices.com/pagead/managed/js/activeview/current/reach_worklet.html:0
[    2665ms] [ERROR] Attestation check for Shared Storage on https://www.googleadservices.com failed. @ https://www.googleadservices.com/pagead/managed/js/activeview/current/reach_worklet.html:0
[    2783ms] [ERROR] Attestation check for Shared Storage on https://www.googleadservices.com failed. @ https://www.googleadservices.com/pagead/managed/js/activeview/current/reach_worklet.html:0
[    2860ms] [ERROR] Attestation check for Shared Storage on https://www.googleadservices.com failed. @ https://www.googleadservices.com/pagead/managed/js/activeview/current/reach_worklet.html:0
[    3718ms] [ERROR] Attestation check for Shared Storage on https://www.googleadservices.com failed. @ https://www.googleadservices.com/pagead/managed/js/activeview/current/reach_worklet.html:0
[    3874ms] [ERROR] Attestation check for Shared Storage on https://www.googleadservices.com failed. @ https://www.googleadservices.com/pagead/managed/js/activeview/current/reach_worklet.html:0
[    4063ms] [ERROR] Attestation check for Shared Storage on https://www.googleadservices.com failed. @ https://www.googleadservices.com/pagead/managed/js/activeview/current/reach_worklet.html:0
[    4143ms] [ERROR] Attestation check for Shared Storage on https://www.googleadservices.com failed. @ https://www.googleadservices.com/pagead/managed/js/activeview/current/reach_worklet.html:0
[   29124ms] [ERROR] Attestation check for Shared Storage on https://www.googleadservices.com failed. @ https://www.googleadservices.com/pagead/managed/js/activeview/current/reach_worklet.html:0
[   29937ms] [ERROR] Attestation check for Shared Storage on https://www.googleadservices.com failed. @ https://www.googleadservices.com/pagead/managed/js/activeview/current/reach_worklet.html:0
[    2573ms] [ERROR] Attestation check for Shared Storage on https://www.googleadservices.com failed. @ https://www.googleadservices.com/pagead/managed/js/activeview/current/reach_worklet.html:0
[    2665ms] [ERROR] Attestation check for Shared Storage on https://www.googleadservices.com failed. @ https://www.googleadservices.com/pagead/managed/js/activeview/current/reach_worklet.html:0
[    2783ms] [ERROR] Attestation check for Shared Storage on https://www.googleadservices.com failed. @ https://www.googleadservices.com/pagead/managed/js/activeview/current/reach_worklet.html:0
[    2860ms] [ERROR] Attestation check for Shared Storage on https://www.googleadservices.com failed. @ https://www.googleadservices.com/pagead/managed/js/activeview/current/reach_worklet.html:0
[    3718ms] [ERROR] Attestation check for Shared Storage on https://www.googleadservices.com failed. @ https://www.googleadservices.com/pagead/managed/js/activeview/current/reach_worklet.html:0
[    3874ms] [ERROR] Attestation check for Shared Storage on https://www.googleadservices.com failed. @ https://www.googleadservices.com/pagead/managed/js/activeview/current/reach_worklet.html:0
[    4063ms] [ERROR] Attestation check for Shared Storage on https://www.googleadservices.com failed. @ https://www.googleadservices.com/pagead/managed/js/activeview/current/reach_worklet.html:0
[    4143ms] [ERROR] Attestation check for Shared Storage on https://www.googleadservices.com failed. @ https://www.googleadservices.com/pagead/managed/js/activeview/current/reach_worklet.html:0
[   29124ms] [ERROR] Attestation check for Shared Storage on https://www.googleadservices.com failed. @ https://www.googleadservices.com/pagead/managed/js/activeview/current/reach_worklet.html:0
[   29937ms] [ERROR] Attestation check for Shared Storage on https://www.googleadservices.com failed. @ https://www.googleadservices.com/pagead/managed/js/activeview/current/reach_worklet.html:0
[   30366ms] [ERROR] Attestation check for Shared Storage on https://www.googleadservices.com failed. @ https://www.googleadservices.com/pagead/managed/js/activeview/current/reach_worklet.html:0
[    2573ms] [ERROR] Attestation check for Shared Storage on https://www.googleadservices.com failed. @ https://www.googleadservices.com/pagead/managed/js/activeview/current/reach_worklet.html:0
[    2665ms] [ERROR] Attestation check for Shared Storage on https://www.googleadservices.com failed. @ https://www.googleadservices.com/pagead/managed/js/activeview/current/reach_worklet.html:0
[    2783ms] [ERROR] Attestation check for Shared Storage on https://www.googleadservices.com failed. @ https://www.googleadservices.com/pagead/managed/js/activeview/current/reach_worklet.html:0
[    2860ms] [ERROR] Attestation check for Shared Storage on https://www.googleadservices.com failed. @ https://www.googleadservices.com/pagead/managed/js/activeview/current/reach_worklet.html:0
[    3718ms] [ERROR] Attestation check for Shared Storage on https://www.googleadservices.com failed. @ https://www.googleadservices.com/pagead/managed/js/activeview/current/reach_worklet.html:0
[    3874ms] [ERROR] Attestation check for Shared Storage on https://www.googleadservices.com failed. @ https://www.googleadservices.com/pagead/managed/js/activeview/current/reach_worklet.html:0
[    4063ms] [ERROR] Attestation check for Shared Storage on https://www.googleadservices.com failed. @ https://www.googleadservices.com/pagead/managed/js/activeview/current/reach_worklet.html:0
[    4143ms] [ERROR] Attestation check for Shared Storage on https://www.googleadservices.com failed. @ https://www.googleadservices.com/pagead/managed/js/activeview/current/reach_worklet.html:0
[   29124ms] [ERROR] Attestation check for Shared Storage on https://www.googleadservices.com failed. @ https://www.googleadservices.com/pagead/managed/js/activeview/current/reach_worklet.html:0
[   29937ms] [ERROR] Attestation check for Shared Storage on https://www.googleadservices.com failed. @ https://www.googleadservices.com/pagead/managed/js/activeview/current/reach_worklet.html:0
[   30366ms] [ERROR] Attestation check for Shared Storage on https://www.googleadservices.com failed. @ https://www.googleadservices.com/pagead/managed/js/activeview/current/reach_worklet.html:0
[   30776ms] [ERROR] Attestation check for Shared Storage on https://www.googleadservices.com failed. @ https://www.googleadservices.com/pagead/managed/js/activeview/current/reach_worklet.html:0
[    4147ms] [ERROR] Failed to load resource: the server responded with a status of 404 () @ https://s0.2mdn.net/sadbundle/2596478160136568832/txt3-c.svg:0
[    4150ms] [ERROR] Failed to load resource: the server responded with a status of 404 () @ https://s0.2mdn.net/sadbundle/2596478160136568832/txt1-d.svg:0
[    4150ms] [ERROR] Failed to load resource: the server responded with a status of 404 () @ https://s0.2mdn.net/sadbundle/2596478160136568832/txt1-c.svg:0
[    4150ms] [ERROR] Failed to load resource: the server responded with a status of 404 () @ https://s0.2mdn.net/sadbundle/2596478160136568832/txt3-d.svg:0
[    2573ms] [ERROR] Attestation check for Shared Storage on https://www.googleadservices.com failed. @ https://www.googleadservices.com/pagead/managed/js/activeview/current/reach_worklet.html:0
[    2665ms] [ERROR] Attestation check for Shared Storage on https://www.googleadservices.com failed. @ https://www.googleadservices.com/pagead/managed/js/activeview/current/reach_worklet.html:0
[    2783ms] [ERROR] Attestation check for Shared Storage on https://www.googleadservices.com failed. @ https://www.googleadservices.com/pagead/managed/js/activeview/current/reach_worklet.html:0
[    2860ms] [ERROR] Attestation check for Shared Storage on https://www.googleadservices.com failed. @ https://www.googleadservices.com/pagead/managed/js/activeview/current/reach_worklet.html:0
[    3718ms] [ERROR] Attestation check for Shared Storage on https://www.googleadservices.com failed. @ https://www.googleadservices.com/pagead/managed/js/activeview/current/reach_worklet.html:0
[    3874ms] [ERROR] Attestation check for Shared Storage on https://www.googleadservices.com failed. @ https://www.googleadservices.com/pagead/managed/js/activeview/current/reach_worklet.html:0
[    4063ms] [ERROR] Attestation check for Shared Storage on https://www.googleadservices.com failed. @ https://www.googleadservices.com/pagead/managed/js/activeview/current/reach_worklet.html:0
[    4143ms] [ERROR] Attestation check for Shared Storage on https://www.googleadservices.com failed. @ https://www.googleadservices.com/pagead/managed/js/activeview/current/reach_worklet.html:0
[   29124ms] [ERROR] Attestation check for Shared Storage on https://www.googleadservices.com failed. @ https://www.googleadservices.com/pagead/managed/js/activeview/current/reach_worklet.html:0
[   29937ms] [ERROR] Attestation check for Shared Storage on https://www.googleadservices.com failed. @ https://www.googleadservices.com/pagead/managed/js/activeview/current/reach_worklet.html:0
[   30366ms] [ERROR] Attestation check for Shared Storage on https://www.googleadservices.com failed. @ https://www.googleadservices.com/pagead/managed/js/activeview/current/reach_worklet.html:0
[   30776ms] [ERROR] Attestation check for Shared Storage on https://www.googleadservices.com failed. @ https://www.googleadservices.com/pagead/managed/js/activeview/current/reach_worklet.html:0
[   31062ms] [ERROR] Attestation check for Shared Storage on https://www.googleadservices.com failed. @ https://www.googleadservices.com/pagead/managed/js/activeview/current/reach_worklet.html:0
[    2573ms] [ERROR] Attestation check for Shared Storage on https://www.googleadservices.com failed. @ https://www.googleadservices.com/pagead/managed/js/activeview/current/reach_worklet.html:0
[    2665ms] [ERROR] Attestation check for Shared Storage on https://www.googleadservices.com failed. @ https://www.googleadservices.com/pagead/managed/js/activeview/current/reach_worklet.html:0
[    2783ms] [ERROR] Attestation check for Shared Storage on https://www.googleadservices.com failed. @ https://www.googleadservices.com/pagead/managed/js/activeview/current/reach_worklet.html:0
[    2860ms] [ERROR] Attestation check for Shared Storage on https://www.googleadservices.com failed. @ https://www.googleadservices.com/pagead/managed/js/activeview/current/reach_worklet.html:0
[    3718ms] [ERROR] Attestation check for Shared Storage on https://www.googleadservices.com failed. @ https://www.googleadservices.com/pagead/managed/js/activeview/current/reach_worklet.html:0
[    3874ms] [ERROR] Attestation check for Shared Storage on https://www.googleadservices.com failed. @ https://www.googleadservices.com/pagead/managed/js/activeview/current/reach_worklet.html:0
[    4063ms] [ERROR] Attestation check for Shared Storage on https://www.googleadservices.com failed. @ https://www.googleadservices.com/pagead/managed/js/activeview/current/reach_worklet.html:0
[    4143ms] [ERROR] Attestation check for Shared Storage on https://www.googleadservices.com failed. @ https://www.googleadservices.com/pagead/managed/js/activeview/current/reach_worklet.html:0
[   29124ms] [ERROR] Attestation check for Shared Storage on https://www.googleadservices.com failed. @ https://www.googleadservices.com/pagead/managed/js/activeview/current/reach_worklet.html:0
[   29937ms] [ERROR] Attestation check for Shared Storage on https://www.googleadservices.com failed. @ https://www.googleadservices.com/pagead/managed/js/activeview/current/reach_worklet.html:0
[   30366ms] [ERROR] Attestation check for Shared Storage on https://www.googleadservices.com failed. @ https://www.googleadservices.com/pagead/managed/js/activeview/current/reach_worklet.html:0
[   30776ms] [ERROR] Attestation check for Shared Storage on https://www.googleadservices.com failed. @ https://www.googleadservices.com/pagead/managed/js/activeview/current/reach_worklet.html:0
[   31062ms] [ERROR] Attestation check for Shared Storage on https://www.googleadservices.com failed. @ https://www.googleadservices.com/pagead/managed/js/activeview/current/reach_worklet.html:0
[   31233ms] [ERROR] Attestation check for Shared Storage on https://www.googleadservices.com failed. @ https://www.googleadservices.com/pagead/managed/js/activeview/current/reach_worklet.html:0
[    4147ms] [ERROR] Failed to load resource: the server responded with a status of 404 () @ https://s0.2mdn.net/sadbundle/2596478160136568832/txt3-c.svg:0
[    4150ms] [ERROR] Failed to load resource: the server responded with a status of 404 () @ https://s0.2mdn.net/sadbundle/2596478160136568832/txt1-d.svg:0
[    4150ms] [ERROR] Failed to load resource: the server responded with a status of 404 () @ https://s0.2mdn.net/sadbundle/2596478160136568832/txt1-c.svg:0
[    4150ms] [ERROR] Failed to load resource: the server responded with a status of 404 () @ https://s0.2mdn.net/sadbundle/2596478160136568832/txt3-d.svg:0
[    2573ms] [ERROR] Attestation check for Shared Storage on https://www.googleadservices.com failed. @ https://www.googleadservices.com/pagead/managed/js/activeview/current/reach_worklet.html:0
[    2665ms] [ERROR] Attestation check for Shared Storage on https://www.googleadservices.com failed. @ https://www.googleadservices.com/pagead/managed/js/activeview/current/reach_worklet.html:0
[    2783ms] [ERROR] Attestation check for Shared Storage on https://www.googleadservices.com failed. @ https://www.googleadservices.com/pagead/managed/js/activeview/current/reach_worklet.html:0
[    2860ms] [ERROR] Attestation check for Shared Storage on https://www.googleadservices.com failed. @ https://www.googleadservices.com/pagead/managed/js/activeview/current/reach_worklet.html:0
[    3718ms] [ERROR] Attestation check for Shared Storage on https://www.googleadservices.com failed. @ https://www.googleadservices.com/pagead/managed/js/activeview/current/reach_worklet.html:0
[    3874ms] [ERROR] Attestation check for Shared Storage on https://www.googleadservices.com failed. @ https://www.googleadservices.com/pagead/managed/js/activeview/current/reach_worklet.html:0
[    4063ms] [ERROR] Attestation check for Shared Storage on https://www.googleadservices.com failed. @ https://www.googleadservices.com/pagead/managed/js/activeview/current/reach_worklet.html:0
[    4143ms] [ERROR] Attestation check for Shared Storage on https://www.googleadservices.com failed. @ https://www.googleadservices.com/pagead/managed/js/activeview/current/reach_worklet.html:0
[   29124ms] [ERROR] Attestation check for Shared Storage on https://www.googleadservices.com failed. @ https://www.googleadservices.com/pagead/managed/js/activeview/current/reach_worklet.html:0
[   29937ms] [ERROR] Attestation check for Shared Storage on https://www.googleadservices.com failed. @ https://www.googleadservices.com/pagead/managed/js/activeview/current/reach_worklet.html:0
[   30366ms] [ERROR] Attestation check for Shared Storage on https://www.googleadservices.com failed. @ https://www.googleadservices.com/pagead/managed/js/activeview/current/reach_worklet.html:0
[   30776ms] [ERROR] Attestation check for Shared Storage on https://www.googleadservices.com failed. @ https://www.googleadservices.com/pagead/managed/js/activeview/current/reach_worklet.html:0
[   31062ms] [ERROR] Attestation check for Shared Storage on https://www.googleadservices.com failed. @ https://www.googleadservices.com/pagead/managed/js/activeview/current/reach_worklet.html:0
[   31233ms] [ERROR] Attestation check for Shared Storage on https://www.googleadservices.com failed. @ https://www.googleadservices.com/pagead/managed/js/activeview/current/reach_worklet.html:0
[   31566ms] [ERROR] Attestation check for Shared Storage on https://www.googleadservices.com failed. @ https://www.googleadservices.com/pagead/managed/js/activeview/current/reach_worklet.html:0
[   31670ms] [WARNING] PerformanceTracker: Timer for asinImageRender already exists. @ https://m.media-amazon.com/images/I/B1ppSgbX6QL.js:10
[   32799ms] [ERROR] Attestation check for Attribution Reporting on https://ara.paa-reporting-advertising.amazon failed. @ https://www.casestatusext.com/cases:0
[   32801ms] [ERROR] Attestation check for Shared Storage on https://ara.paa-reporting-advertising.amazon failed. @ about:srcdoc:0
[   56590ms] [ERROR] Access to XMLHttpRequest at 'https://s.imganalytics.com/pgi/873648/pageview.json?pd=expdv&int=dv&hmns=v2%7Eh2CyY_AT0RaObTg_i23IH-QFoXR83xd_9gneTpxtinywQYEQOnWJob3qeCc5Yekt0CWIbJEYrBneOuE2zzL_NPwBuU63QJgE7XHYGftyzRmIBskSkgDXA_EK3hqQH68N0zT-MM01-jTNWu073CPvOpZ9rnf7G6F60kybNJ5z92060R7ZcY1HkAf8T598w1-NZJRThHKBUYd6gVzWeJJBi02gI8gDoST3G_0h_xz6KPtUtzboB7Zg51y7aboIvm7tJpESl3bHGcY8qHyFS6182z3QVLh3wVWHO4hdiW3VXuNf5THhBbNlsV2-b7k06WTtRfUhoxWscPcb8ymsGZVApOMA0Qa1VIFWuF6JG-4O1G2TcKBwkxTHEfFxoB_hFNxQhyPiM8Ym4Uzua9Yn33fdYfUj4T7Xd78ignuxYZlxrH6ATp9Hr0DUZ6dbl0WuD8da6hPRBOYXyBT9eoBKtFCFSYoj63beJ-Uw2is%7EZXn7s2S8-EYEzZo0BcnvVWyomzAFyZo0a7n2QA3B11VmgPRAYKX0XGawmzAJyZo0a6TuRATNmjQFyfRbY6WbMAXJmjRrv_RQDc3dW2qu-FJkpJswAMmaNGev-1AEzZ80BcnuR2K9mzDqYyk_cbruTgTNY8v6NuhbcbOSJ0Sk_0ZsqvsbSabpa0Sn_VFprOlQcaryNQHJmjQFvf5baMGPQ3K-tFdkuv9HcajuQXas4kArqvVZarzoWA3q8kBxuekOKubtQ3Ln-VV2rOlAZL3vR2Cx7hpmpvcbZqjpUXag-VV1yJ40BcmaU2mo_DUByZo0BaryVWPInjQFyZpDYbGrNQHJmjQFufdcacieNAXJmkdmu-01AQmcNAW6-UZtyJ5pAcmaR2ao7TUBCZw0Bbr5VW3InggByZpHZqr-NQHXmjQFuvlEYcieKgXJmlB1seg1AcuaNAWNzEBtyJ41BcmacFOv6DUByZo0BY3MRmjBnEdmu_NEcY3MQHfJmnBTvek0BY3MUn3JmnBTr-M0BY3MR33JmnBTuuM0BaLsUHHBjAU9-KsDM_itADX_ogY8_K4FNf-qBDWi7EBswb5XN_7-UmD9rBk0-KpSKP2sVWbkowJm-7cMYauoUjys_gc8qqNfc7rzPAP8rgMw-6hfc63zPBC-7UMrqvtHYLruVXG86VF9vbRXaqTxQmS5kjRuv-9dDdnXeU7xr2U1hrcFM-TXBDfx8UJ1uZIxNPivBDGi7ERzwb4AM_6uAjKo_hk1ralWKP2jBj3k-wVj-rcMNq2sAzT6_1Y8-aNfc67uPAe86V9zpP48BPjxQna7kj9oqP1abL3_Gmam919zqvM8A_GtBzP9ol9zqqs8AvquBTX8rARuv_kGDcijX3OqqTwFouxXMcGdBTz5rAc8-fFCZvySMDf7rg1zoO1dBM06NAXJ7F1trJswXcuaNGeh9lEEzZ00BcnsW2msmzD6NmXLZ6j-RATNmjQFyfhXbaiaNGel_0IFyfNSZqabMAPJmjQ' from origin 'https://www.casestatusext.com' has been blocked by CORS policy: No 'Access-Control-Allow-Origin' header is present on the requested resource. @ https://www.casestatusext.com/cases:0
[   56590ms] [ERROR] Failed to load resource: net::ERR_FAILED @ https://s.imganalytics.com/pgi/873648/pageview.json?pd=expdv&int=dv&hmns=v2%7Eh2CyY_AT0RaObTg_i23IH-QFoXR83xd_9gneTpxtinywQYEQOnWJob3qeCc5Yekt0CWIbJEYrBneOuE2zzL_NPwBuU63QJgE7XHYGftyzRmIBskSkgDXA_EK3hqQH68N0zT-MM01-jTNWu073CPvOpZ9rnf7G6F60kybNJ5z92060R7ZcY1HkAf8T598w1-NZJRThHKBUYd6gVzWeJJBi02gI8gDoST3G_0h_xz6KPtUtzboB7Zg51y7aboIvm7tJpESl3bHGcY8qHyFS6182z3QVLh3wVWHO4hdiW3VXuNf5THhBbNlsV2-b7k06WTtRfUhoxWscPcb8ymsGZVApOMA0Qa1VIFWuF6JG-4O1G2TcKBwkxTHEfFxoB_hFNxQhyPiM8Ym4Uzua9Yn33fdYfUj4T7Xd78ignuxYZlxrH6ATp9Hr0DUZ6dbl0WuD8da6hPRBOYXyBT9eoBKtFCFSYoj63beJ-Uw2is%7EZXn7s2S8-EYEzZo0BcnvVWyomzAFyZo0a7n2QA3B11VmgPRAYKX0XGawmzAJyZo0a6TuRATNmjQFyfRbY6WbMAXJmjRrv_RQDc3dW2qu-FJkpJswAMmaNGev-1AEzZ80BcnuR2K9mzDqYyk_cbruTgTNY8v6NuhbcbOSJ0Sk_0ZsqvsbSabpa0Sn_VFprOlQcaryNQHJmjQFvf5baMGPQ3K-tFdkuv9HcajuQXas4kArqvVZarzoWA3q8kBxuekOKubtQ3Ln-VV2rOlAZL3vR2Cx7hpmpvcbZqjpUXag-VV1yJ40BcmaU2mo_DUByZo0BaryVWPInjQFyZpDYbGrNQHJmjQFufdcacieNAXJmkdmu-01AQmcNAW6-UZtyJ5pAcmaR2ao7TUBCZw0Bbr5VW3InggByZpHZqr-NQHXmjQFuvlEYcieKgXJmlB1seg1AcuaNAWNzEBtyJ41BcmacFOv6DUByZo0BY3MRmjBnEdmu_NEcY3MQHfJmnBTvek0BY3MUn3JmnBTr-M0BY3MR33JmnBTuuM0BaLsUHHBjAU9-KsDM_itADX_ogY8_K4FNf-qBDWi7EBswb5XN_7-UmD9rBk0-KpSKP2sVWbkowJm-7cMYauoUjys_gc8qqNfc7rzPAP8rgMw-6hfc63zPBC-7UMrqvtHYLruVXG86VF9vbRXaqTxQmS5kjRuv-9dDdnXeU7xr2U1hrcFM-TXBDfx8UJ1uZIxNPivBDGi7ERzwb4AM_6uAjKo_hk1ralWKP2jBj3k-wVj-rcMNq2sAzT6_1Y8-aNfc67uPAe86V9zpP48BPjxQna7kj9oqP1abL3_Gmam919zqvM8A_GtBzP9ol9zqqs8AvquBTX8rARuv_kGDcijX3OqqTwFouxXMcGdBTz5rAc8-fFCZvySMDf7rg1zoO1dBM06NAXJ7F1trJswXcuaNGeh9lEEzZ00BcnsW2msmzD6NmXLZ6j-RATNmjQFyfhXbaiaNGel_0IFyfNSZqabMAPJmjQ:0
[    2573ms] [ERROR] Attestation check for Shared Storage on https://www.googleadservices.com failed. @ https://www.googleadservices.com/pagead/managed/js/activeview/current/reach_worklet.html:0
[    2665ms] [ERROR] Attestation check for Shared Storage on https://www.googleadservices.com failed. @ https://www.googleadservices.com/pagead/managed/js/activeview/current/reach_worklet.html:0
[    2783ms] [ERROR] Attestation check for Shared Storage on https://www.googleadservices.com failed. @ https://www.googleadservices.com/pagead/managed/js/activeview/current/reach_worklet.html:0
[    2860ms] [ERROR] Attestation check for Shared Storage on https://www.googleadservices.com failed. @ https://www.googleadservices.com/pagead/managed/js/activeview/current/reach_worklet.html:0
[    3718ms] [ERROR] Attestation check for Shared Storage on https://www.googleadservices.com failed. @ https://www.googleadservices.com/pagead/managed/js/activeview/current/reach_worklet.html:0
[    3874ms] [ERROR] Attestation check for Shared Storage on https://www.googleadservices.com failed. @ https://www.googleadservices.com/pagead/managed/js/activeview/current/reach_worklet.html:0
[    4063ms] [ERROR] Attestation check for Shared Storage on https://www.googleadservices.com failed. @ https://www.googleadservices.com/pagead/managed/js/activeview/current/reach_worklet.html:0
[    4143ms] [ERROR] Attestation check for Shared Storage on https://www.googleadservices.com failed. @ https://www.googleadservices.com/pagead/managed/js/activeview/current/reach_worklet.html:0
[   29124ms] [ERROR] Attestation check for Shared Storage on https://www.googleadservices.com failed. @ https://www.googleadservices.com/pagead/managed/js/activeview/current/reach_worklet.html:0
[   29937ms] [ERROR] Attestation check for Shared Storage on https://www.googleadservices.com failed. @ https://www.googleadservices.com/pagead/managed/js/activeview/current/reach_worklet.html:0
[   30366ms] [ERROR] Attestation check for Shared Storage on https://www.googleadservices.com failed. @ https://www.googleadservices.com/pagead/managed/js/activeview/current/reach_worklet.html:0
[   30776ms] [ERROR] Attestation check for Shared Storage on https://www.googleadservices.com failed. @ https://www.googleadservices.com/pagead/managed/js/activeview/current/reach_worklet.html:0
[   31062ms] [ERROR] Attestation check for Shared Storage on https://www.googleadservices.com failed. @ https://www.googleadservices.com/pagead/managed/js/activeview/current/reach_worklet.html:0
[   31233ms] [ERROR] Attestation check for Shared Storage on https://www.googleadservices.com failed. @ https://www.googleadservices.com/pagead/managed/js/activeview/current/reach_worklet.html:0
[   31566ms] [ERROR] Attestation check for Shared Storage on https://www.googleadservices.com failed. @ https://www.googleadservices.com/pagead/managed/js/activeview/current/reach_worklet.html:0
