[    1073ms] [WARNING] The provided value 'up' is not a valid enum value of type CanvasDirection. @ https://www.casestatusext.com/_next/static/chunks/705-f3a5bc7746b7ed29.js:0
[    1074ms] [WARNING] The provided value 'down' is not a valid enum value of type CanvasDirection. @ https://www.casestatusext.com/_next/static/chunks/705-f3a5bc7746b7ed29.js:0
[    1212ms] [WARNING] The provided value 'up' is not a valid enum value of type CanvasDirection. @ https://www.casestatusext.com/_next/static/chunks/705-f3a5bc7746b7ed29.js:0
[    1212ms] [WARNING] The provided value 'down' is not a valid enum value of type CanvasDirection. @ https://www.casestatusext.com/_next/static/chunks/705-f3a5bc7746b7ed29.js:0
[    1318ms] [WARNING] The provided value 'up' is not a valid enum value of type CanvasDirection. @ https://www.casestatusext.com/_next/static/chunks/705-f3a5bc7746b7ed29.js:0
[    1318ms] [WARNING] The provided value 'down' is not a valid enum value of type CanvasDirection. @ https://www.casestatusext.com/_next/static/chunks/705-f3a5bc7746b7ed29.js:0
[    1374ms] [WARNING] The provided value 'up' is not a valid enum value of type CanvasDirection. @ https://www.casestatusext.com/_next/static/chunks/705-f3a5bc7746b7ed29.js:0
[    1374ms] [WARNING] The provided value 'down' is not a valid enum value of type CanvasDirection. @ https://www.casestatusext.com/_next/static/chunks/705-f3a5bc7746b7ed29.js:0
[    1428ms] [WARNING] The provided value 'up' is not a valid enum value of type CanvasDirection. @ https://www.casestatusext.com/_next/static/chunks/705-f3a5bc7746b7ed29.js:0
[    1428ms] [WARNING] The provided value 'down' is not a valid enum value of type CanvasDirection. @ https://www.casestatusext.com/_next/static/chunks/705-f3a5bc7746b7ed29.js:0
[    1499ms] [WARNING] The provided value 'up' is not a valid enum value of type CanvasDirection. @ https://www.casestatusext.com/_next/static/chunks/705-f3a5bc7746b7ed29.js:0
[    1499ms] [WARNING] The provided value 'down' is not a valid enum value of type CanvasDirection. @ https://www.casestatusext.com/_next/static/chunks/705-f3a5bc7746b7ed29.js:0
[    1525ms] [WARNING] The provided value 'up' is not a valid enum value of type CanvasDirection. @ https://www.casestatusext.com/_next/static/chunks/705-f3a5bc7746b7ed29.js:0
[    1525ms] [WARNING] The provided value 'down' is not a valid enum value of type CanvasDirection. @ https://www.casestatusext.com/_next/static/chunks/705-f3a5bc7746b7ed29.js:0
[    2389ms] [WARNING]  is not a valid value for uspDnsText @ https://cmp.inmobi.com/tcfv2/56/cmp2.js?referer=www.casestatusext.com:1
[    2426ms] [WARNING] globalPrivacyControl is not available in the browser. Setting usp string as  1N-- @ https://cmp.inmobi.com/tcfv2/56/cmp2.js?referer=www.casestatusext.com:1
[    2428ms] [WARNING] Google basic consent is not applicable. @ https://cmp.inmobi.com/tcfv2/56/cmp2.js?referer=www.casestatusext.com:1
[    2662ms] [WARNING] globalPrivacyControl is not available in the browser. Setting usp string as  1N-- @ https://cmp.inmobi.com/tcfv2/56/cmp2.js?referer=www.casestatusext.com:1
[    3617ms] [ERROR] Failed to load resource: the server responded with a status of 410 (Gone) @ https://ads.stickyadstv.com/user-matching?id=3586&gdpr=0&gdpr_consent=:0
[    3625ms] [ERROR] Failed to load resource: the server responded with a status of 404 () @ https://x.bidswitch.net/sync?ssp=sekindo&gdpr=0&gdpr_consent=:0
[    3766ms] [WARNING] Failed to execute 'postMessage' on 'DOMWindow': The target origin provided ('https://tpc.googlesyndication.com') does not match the recipient window's origin ('https://www.casestatusext.com'). @ https://live.primis.tech/content/pal/pal.js:9
